build/app/outputs/mapping/release/mapping.txt
# compiler: R8
# compiler_version: 1.5.64
# min_api: 16
# pg_map_id: 86bddc7
...
com.google.firebase.firestore.core.Transaction -> com.google.firebase.firestore.t0.w0:
    com.google.firebase.firestore.FirebaseFirestoreException lastWriteError -> e
    com.google.firebase.firestore.remote.Datastore datastore -> a
    java.util.Set writtenDocs -> f
    java.util.HashMap readVersions -> b
    java.util.concurrent.Executor defaultExecutor -> g
    java.util.ArrayList mutations -> c
    boolean committed -> d
    com.google.android.gms.tasks.Task commit() -> a
    void delete(com.google.firebase.firestore.model.DocumentKey) -> a
    com.google.android.gms.tasks.Task lambda$commit$1(com.google.android.gms.tasks.Task) -> a
    com.google.android.gms.tasks.Task lambda$lookup$0(com.google.firebase.firestore.core.Transaction,com.google.android.gms.tasks.Task) -> a
    com.google.android.gms.tasks.Task lookup(java.util.List) -> a
    void recordVersion(com.google.firebase.firestore.model.MaybeDocument) -> a
    void set(com.google.firebase.firestore.model.DocumentKey,com.google.firebase.firestore.core.UserData$ParsedSetData) -> a
    void update(com.google.firebase.firestore.model.DocumentKey,com.google.firebase.firestore.core.UserData$ParsedUpdateData) -> a
    java.util.concurrent.Executor createDefaultExecutor() -> b
    com.google.firebase.firestore.model.mutation.Precondition precondition(com.google.firebase.firestore.model.DocumentKey) -> b
    void write(java.util.List) -> b
    void ensureCommitNotCalled() -> c
com.google.firebase.firestore.core.Transaction$$Lambda$1 -> com.google.firebase.firestore.t0.u0:
    com.google.firebase.firestore.core.Transaction arg$1 -> a
    com.google.android.gms.tasks.Continuation lambdaFactory$(com.google.firebase.firestore.core.Transaction) -> a
    java.lang.Object then(com.google.android.gms.tasks.Task) -> a
com.google.firebase.firestore.core.Transaction$$Lambda$2 -> com.google.firebase.firestore.t0.v0:
    com.google.firebase.firestore.core.Transaction$$Lambda$2 instance -> a
    com.google.android.gms.tasks.Continuation lambdaFactory$() -> a
    java.lang.Object then(com.google.android.gms.tasks.Task) -> a
com.google.firebase.firestore.core.TransactionRunner -> com.google.firebase.firestore.t0.a1:
    com.google.android.gms.tasks.TaskCompletionSource taskSource -> f
    com.google.firebase.firestore.remote.RemoteStore remoteStore -> b
    com.google.firebase.firestore.util.Function updateFunction -> c
    com.google.firebase.firestore.util.AsyncQueue asyncQueue -> a
    int retriesLeft -> d
    com.google.firebase.firestore.util.ExponentialBackoff backoff -> e
    void handleTransactionError(com.google.android.gms.tasks.Task) -> a
    boolean isRetryableTransactionError(java.lang.Exception) -> a
    void lambda$runWithBackoff$0(com.google.firebase.firestore.core.TransactionRunner,com.google.android.gms.tasks.Task,com.google.android.gms.tasks.Task) -> a
    void lambda$runWithBackoff$1(com.google.firebase.firestore.core.TransactionRunner,com.google.firebase.firestore.core.Transaction,com.google.android.gms.tasks.Task) -> a
    void lambda$runWithBackoff$2(com.google.firebase.firestore.core.TransactionRunner) -> a
    com.google.android.gms.tasks.Task run() -> a
    void runWithBackoff() -> b
com.google.firebase.firestore.core.TransactionRunner$$Lambda$1 -> com.google.firebase.firestore.t0.x0:
    com.google.firebase.firestore.core.TransactionRunner arg$1 -> a
    java.lang.Runnable lambdaFactory$(com.google.firebase.firestore.core.TransactionRunner) -> a
com.google.firebase.firestore.core.TransactionRunner$$Lambda$2 -> com.google.firebase.firestore.t0.y0:
    com.google.firebase.firestore.core.Transaction arg$2 -> b
    com.google.firebase.firestore.core.TransactionRunner arg$1 -> a
    com.google.android.gms.tasks.OnCompleteListener lambdaFactory$(com.google.firebase.firestore.core.TransactionRunner,com.google.firebase.firestore.core.Transaction) -> a
    void onComplete(com.google.android.gms.tasks.Task) -> a